<?xml version="1.0" encoding="UTF-8"?>
<!-- Generated by org.testng.reporters.JUnitReportReporter -->
<testsuite hostname="TTNPL-DeepanshuTyagi" failures="0" tests="4" name="com.ScriptaInsight.Testcases.DrugNdcListByDrugId" time="0.000" errors="0" timestamp="2022-10-06T11:54:22 IST" skipped="4">
  <testcase classname="com.ScriptaInsight.Testcases.DrugNdcListByDrugId" name="TC03_Invalid_DrugId" time="0.000">
    <skipped/>
  </testcase> <!-- TC03_Invalid_DrugId -->
  <system-out/>
  <testcase classname="com.ScriptaInsight.Testcases.DrugNdcListByDrugId" name="TC01_Existing_DrugId" time="0.000">
    <skipped/>
  </testcase> <!-- TC01_Existing_DrugId -->
  <system-out/>
  <testcase classname="com.ScriptaInsight.Testcases.DrugNdcListByDrugId" name="TC04_Invalid_Authorization_token" time="0.000">
    <skipped/>
  </testcase> <!-- TC04_Invalid_Authorization_token -->
  <system-out/>
  <testcase classname="com.ScriptaInsight.Testcases.DrugNdcListByDrugId" name="TC02_Non_Existing_DrugId" time="0.000">
    <skipped/>
  </testcase> <!-- TC02_Non_Existing_DrugId -->
  <system-out/>
</testsuite> <!-- com.ScriptaInsight.Testcases.DrugNdcListByDrugId -->
