<?xml version="1.0" encoding="UTF-8"?>
<testsuite xmlns:xsi="http://www.w3.org/2001/XMLSchema-instance" xsi:noNamespaceSchemaLocation="https://maven.apache.org/surefire/maven-surefire-plugin/xsd/surefire-test-report-3.0.xsd" version="3.0" name="TestSuite" time="1.251" tests="9" errors="0" skipped="8" failures="1">
  <properties>
    <property name="java.specification.version" value="16"/>
    <property name="sun.cpu.isalist" value="amd64"/>
    <property name="sun.jnu.encoding" value="Cp1252"/>
    <property name="java.class.path" value="C:\Users\Deepanshu Tyagi\git\QA_Atomation\ScriptaMicroserviceAPI\target\test-classes;C:\Users\Deepanshu Tyagi\git\QA_Atomation\ScriptaMicroserviceAPI\target\classes;C:\Users\Deepanshu Tyagi\.m2\repository\io\rest-assured\rest-assured\5.0.1\rest-assured-5.0.1.jar;C:\Users\Deepanshu Tyagi\.m2\repository\org\apache\groovy\groovy\4.0.1\groovy-4.0.1.jar;C:\Users\Deepanshu Tyagi\.m2\repository\org\apache\groovy\groovy-xml\4.0.1\groovy-xml-4.0.1.jar;C:\Users\Deepanshu Tyagi\.m2\repository\org\apache\httpcomponents\httpclient\4.5.13\httpclient-4.5.13.jar;C:\Users\Deepanshu Tyagi\.m2\repository\org\apache\httpcomponents\httpcore\4.4.13\httpcore-4.4.13.jar;C:\Users\Deepanshu Tyagi\.m2\repository\commons-logging\commons-logging\1.2\commons-logging-1.2.jar;C:\Users\Deepanshu Tyagi\.m2\repository\org\apache\httpcomponents\httpmime\4.5.13\httpmime-4.5.13.jar;C:\Users\Deepanshu Tyagi\.m2\repository\org\hamcrest\hamcrest\2.1\hamcrest-2.1.jar;C:\Users\Deepanshu Tyagi\.m2\repository\org\ccil\cowan\tagsoup\tagsoup\1.2.1\tagsoup-1.2.1.jar;C:\Users\Deepanshu Tyagi\.m2\repository\io\rest-assured\json-path\5.0.1\json-path-5.0.1.jar;C:\Users\Deepanshu Tyagi\.m2\repository\org\apache\groovy\groovy-json\4.0.1\groovy-json-4.0.1.jar;C:\Users\Deepanshu Tyagi\.m2\repository\io\rest-assured\rest-assured-common\5.0.1\rest-assured-common-5.0.1.jar;C:\Users\Deepanshu Tyagi\.m2\repository\io\rest-assured\xml-path\5.0.1\xml-path-5.0.1.jar;C:\Users\Deepanshu Tyagi\.m2\repository\org\apache\commons\commons-lang3\3.11\commons-lang3-3.11.jar;C:\Users\Deepanshu Tyagi\.m2\repository\org\testng\testng\7.6.0\testng-7.6.0.jar;C:\Users\Deepanshu Tyagi\.m2\repository\com\google\code\findbugs\jsr305\3.0.2\jsr305-3.0.2.jar;C:\Users\Deepanshu Tyagi\.m2\repository\org\slf4j\slf4j-api\1.7.36\slf4j-api-1.7.36.jar;C:\Users\Deepanshu Tyagi\.m2\repository\com\beust\jcommander\1.82\jcommander-1.82.jar;C:\Users\Deepanshu Tyagi\.m2\repository\org\webjars\jquery\3.6.0\jquery-3.6.0.jar;C:\Users\Deepanshu Tyagi\.m2\repository\com\googlecode\json-simple\json-simple\1.1.1\json-simple-1.1.1.jar;C:\Users\Deepanshu Tyagi\.m2\repository\junit\junit\4.10\junit-4.10.jar;C:\Users\Deepanshu Tyagi\.m2\repository\org\hamcrest\hamcrest-core\1.1\hamcrest-core-1.1.jar;C:\Users\Deepanshu Tyagi\.m2\repository\org\apache\poi\poi\5.2.2\poi-5.2.2.jar;C:\Users\Deepanshu Tyagi\.m2\repository\commons-codec\commons-codec\1.15\commons-codec-1.15.jar;C:\Users\Deepanshu Tyagi\.m2\repository\org\apache\commons\commons-collections4\4.4\commons-collections4-4.4.jar;C:\Users\Deepanshu Tyagi\.m2\repository\org\apache\commons\commons-math3\3.6.1\commons-math3-3.6.1.jar;C:\Users\Deepanshu Tyagi\.m2\repository\commons-io\commons-io\2.11.0\commons-io-2.11.0.jar;C:\Users\Deepanshu Tyagi\.m2\repository\com\zaxxer\SparseBitSet\1.2\SparseBitSet-1.2.jar;C:\Users\Deepanshu Tyagi\.m2\repository\org\apache\logging\log4j\log4j-api\2.17.2\log4j-api-2.17.2.jar;C:\Users\Deepanshu Tyagi\.m2\repository\org\apache\poi\poi-ooxml\5.2.2\poi-ooxml-5.2.2.jar;C:\Users\Deepanshu Tyagi\.m2\repository\org\apache\poi\poi-ooxml-lite\5.2.2\poi-ooxml-lite-5.2.2.jar;C:\Users\Deepanshu Tyagi\.m2\repository\org\apache\xmlbeans\xmlbeans\5.0.3\xmlbeans-5.0.3.jar;C:\Users\Deepanshu Tyagi\.m2\repository\org\apache\commons\commons-compress\1.21\commons-compress-1.21.jar;C:\Users\Deepanshu Tyagi\.m2\repository\com\github\virtuald\curvesapi\1.07\curvesapi-1.07.jar;C:\Users\Deepanshu Tyagi\.m2\repository\com\aventstack\extentreports\4.0.9\extentreports-4.0.9.jar;C:\Users\Deepanshu Tyagi\.m2\repository\org\freemarker\freemarker\2.3.23\freemarker-2.3.23.jar;C:\Users\Deepanshu Tyagi\.m2\repository\org\mongodb\mongodb-driver\3.3.0\mongodb-driver-3.3.0.jar;C:\Users\Deepanshu Tyagi\.m2\repository\org\mongodb\mongodb-driver-core\3.3.0\mongodb-driver-core-3.3.0.jar;C:\Users\Deepanshu Tyagi\.m2\repository\org\mongodb\bson\3.3.0\bson-3.3.0.jar;C:\Users\Deepanshu Tyagi\.m2\repository\com\google\code\gson\gson\2.8.5\gson-2.8.5.jar;C:\Users\Deepanshu Tyagi\.m2\repository\log4j\log4j\1.2.17\log4j-1.2.17.jar;C:\Users\Deepanshu Tyagi\.m2\repository\org\apache\commons\commons-email\1.3.1\commons-email-1.3.1.jar;C:\Users\Deepanshu Tyagi\.m2\repository\javax\activation\activation\1.1.1\activation-1.1.1.jar;C:\Users\Deepanshu Tyagi\.m2\repository\javax\mail\mail\1.4.7\mail-1.4.7.jar;C:\Users\Deepanshu Tyagi\.m2\repository\mysql\mysql-connector-java\5.1.41\mysql-connector-java-5.1.41.jar;"/>
    <property name="java.vm.vendor" value="Oracle Corporation"/>
    <property name="sun.arch.data.model" value="64"/>
    <property name="user.variant" value=""/>
    <property name="java.vendor.url" value="https://java.oracle.com/"/>
    <property name="user.timezone" value="Asia/Calcutta"/>
    <property name="os.name" value="Windows 10"/>
    <property name="java.vm.specification.version" value="16"/>
    <property name="sun.java.launcher" value="SUN_STANDARD"/>
    <property name="user.country" value="IN"/>
    <property name="sun.boot.library.path" value="C:\Users\Deepanshu Tyagi\Desktop\JAVA\eclipse-java-2021-06-R-win32-x86_64\eclipse\plugins\org.eclipse.justj.openjdk.hotspot.jre.full.win32.x86_64_16.0.1.v20210528-1205\jre\bin"/>
    <property name="sun.java.command" value="C:\Users\Deepanshu Tyagi\AppData\Local\Temp\surefire16901261493673140311\surefirebooter11051622512868365088.jar C:\Users\Deepanshu Tyagi\AppData\Local\Temp\surefire16901261493673140311 2022-10-06T11-54-20_424-jvmRun1 surefire760371411164876122tmp surefire_016026691646476707101tmp"/>
    <property name="jdk.debug" value="release"/>
    <property name="surefire.test.class.path" value="C:\Users\Deepanshu Tyagi\git\QA_Atomation\ScriptaMicroserviceAPI\target\test-classes;C:\Users\Deepanshu Tyagi\git\QA_Atomation\ScriptaMicroserviceAPI\target\classes;C:\Users\Deepanshu Tyagi\.m2\repository\io\rest-assured\rest-assured\5.0.1\rest-assured-5.0.1.jar;C:\Users\Deepanshu Tyagi\.m2\repository\org\apache\groovy\groovy\4.0.1\groovy-4.0.1.jar;C:\Users\Deepanshu Tyagi\.m2\repository\org\apache\groovy\groovy-xml\4.0.1\groovy-xml-4.0.1.jar;C:\Users\Deepanshu Tyagi\.m2\repository\org\apache\httpcomponents\httpclient\4.5.13\httpclient-4.5.13.jar;C:\Users\Deepanshu Tyagi\.m2\repository\org\apache\httpcomponents\httpcore\4.4.13\httpcore-4.4.13.jar;C:\Users\Deepanshu Tyagi\.m2\repository\commons-logging\commons-logging\1.2\commons-logging-1.2.jar;C:\Users\Deepanshu Tyagi\.m2\repository\org\apache\httpcomponents\httpmime\4.5.13\httpmime-4.5.13.jar;C:\Users\Deepanshu Tyagi\.m2\repository\org\hamcrest\hamcrest\2.1\hamcrest-2.1.jar;C:\Users\Deepanshu Tyagi\.m2\repository\org\ccil\cowan\tagsoup\tagsoup\1.2.1\tagsoup-1.2.1.jar;C:\Users\Deepanshu Tyagi\.m2\repository\io\rest-assured\json-path\5.0.1\json-path-5.0.1.jar;C:\Users\Deepanshu Tyagi\.m2\repository\org\apache\groovy\groovy-json\4.0.1\groovy-json-4.0.1.jar;C:\Users\Deepanshu Tyagi\.m2\repository\io\rest-assured\rest-assured-common\5.0.1\rest-assured-common-5.0.1.jar;C:\Users\Deepanshu Tyagi\.m2\repository\io\rest-assured\xml-path\5.0.1\xml-path-5.0.1.jar;C:\Users\Deepanshu Tyagi\.m2\repository\org\apache\commons\commons-lang3\3.11\commons-lang3-3.11.jar;C:\Users\Deepanshu Tyagi\.m2\repository\org\testng\testng\7.6.0\testng-7.6.0.jar;C:\Users\Deepanshu Tyagi\.m2\repository\com\google\code\findbugs\jsr305\3.0.2\jsr305-3.0.2.jar;C:\Users\Deepanshu Tyagi\.m2\repository\org\slf4j\slf4j-api\1.7.36\slf4j-api-1.7.36.jar;C:\Users\Deepanshu Tyagi\.m2\repository\com\beust\jcommander\1.82\jcommander-1.82.jar;C:\Users\Deepanshu Tyagi\.m2\repository\org\webjars\jquery\3.6.0\jquery-3.6.0.jar;C:\Users\Deepanshu Tyagi\.m2\repository\com\googlecode\json-simple\json-simple\1.1.1\json-simple-1.1.1.jar;C:\Users\Deepanshu Tyagi\.m2\repository\junit\junit\4.10\junit-4.10.jar;C:\Users\Deepanshu Tyagi\.m2\repository\org\hamcrest\hamcrest-core\1.1\hamcrest-core-1.1.jar;C:\Users\Deepanshu Tyagi\.m2\repository\org\apache\poi\poi\5.2.2\poi-5.2.2.jar;C:\Users\Deepanshu Tyagi\.m2\repository\commons-codec\commons-codec\1.15\commons-codec-1.15.jar;C:\Users\Deepanshu Tyagi\.m2\repository\org\apache\commons\commons-collections4\4.4\commons-collections4-4.4.jar;C:\Users\Deepanshu Tyagi\.m2\repository\org\apache\commons\commons-math3\3.6.1\commons-math3-3.6.1.jar;C:\Users\Deepanshu Tyagi\.m2\repository\commons-io\commons-io\2.11.0\commons-io-2.11.0.jar;C:\Users\Deepanshu Tyagi\.m2\repository\com\zaxxer\SparseBitSet\1.2\SparseBitSet-1.2.jar;C:\Users\Deepanshu Tyagi\.m2\repository\org\apache\logging\log4j\log4j-api\2.17.2\log4j-api-2.17.2.jar;C:\Users\Deepanshu Tyagi\.m2\repository\org\apache\poi\poi-ooxml\5.2.2\poi-ooxml-5.2.2.jar;C:\Users\Deepanshu Tyagi\.m2\repository\org\apache\poi\poi-ooxml-lite\5.2.2\poi-ooxml-lite-5.2.2.jar;C:\Users\Deepanshu Tyagi\.m2\repository\org\apache\xmlbeans\xmlbeans\5.0.3\xmlbeans-5.0.3.jar;C:\Users\Deepanshu Tyagi\.m2\repository\org\apache\commons\commons-compress\1.21\commons-compress-1.21.jar;C:\Users\Deepanshu Tyagi\.m2\repository\com\github\virtuald\curvesapi\1.07\curvesapi-1.07.jar;C:\Users\Deepanshu Tyagi\.m2\repository\com\aventstack\extentreports\4.0.9\extentreports-4.0.9.jar;C:\Users\Deepanshu Tyagi\.m2\repository\org\freemarker\freemarker\2.3.23\freemarker-2.3.23.jar;C:\Users\Deepanshu Tyagi\.m2\repository\org\mongodb\mongodb-driver\3.3.0\mongodb-driver-3.3.0.jar;C:\Users\Deepanshu Tyagi\.m2\repository\org\mongodb\mongodb-driver-core\3.3.0\mongodb-driver-core-3.3.0.jar;C:\Users\Deepanshu Tyagi\.m2\repository\org\mongodb\bson\3.3.0\bson-3.3.0.jar;C:\Users\Deepanshu Tyagi\.m2\repository\com\google\code\gson\gson\2.8.5\gson-2.8.5.jar;C:\Users\Deepanshu Tyagi\.m2\repository\log4j\log4j\1.2.17\log4j-1.2.17.jar;C:\Users\Deepanshu Tyagi\.m2\repository\org\apache\commons\commons-email\1.3.1\commons-email-1.3.1.jar;C:\Users\Deepanshu Tyagi\.m2\repository\javax\activation\activation\1.1.1\activation-1.1.1.jar;C:\Users\Deepanshu Tyagi\.m2\repository\javax\mail\mail\1.4.7\mail-1.4.7.jar;C:\Users\Deepanshu Tyagi\.m2\repository\mysql\mysql-connector-java\5.1.41\mysql-connector-java-5.1.41.jar;"/>
    <property name="sun.cpu.endian" value="little"/>
    <property name="user.home" value="C:\Users\Deepanshu Tyagi"/>
    <property name="user.language" value="en"/>
    <property name="java.specification.vendor" value="Oracle Corporation"/>
    <property name="java.version.date" value="2021-04-20"/>
    <property name="java.home" value="C:\Users\Deepanshu Tyagi\Desktop\JAVA\eclipse-java-2021-06-R-win32-x86_64\eclipse\plugins\org.eclipse.justj.openjdk.hotspot.jre.full.win32.x86_64_16.0.1.v20210528-1205\jre"/>
    <property name="file.separator" value="\"/>
    <property name="basedir" value="C:\Users\Deepanshu Tyagi\git\QA_Atomation\ScriptaMicroserviceAPI"/>
    <property name="java.vm.compressedOopsMode" value="Zero based"/>
    <property name="line.separator" value="&#10;"/>
    <property name="java.vm.specification.vendor" value="Oracle Corporation"/>
    <property name="java.specification.name" value="Java Platform API Specification"/>
    <property name="surefire.real.class.path" value="C:\Users\Deepanshu Tyagi\AppData\Local\Temp\surefire16901261493673140311\surefirebooter11051622512868365088.jar"/>
    <property name="user.script" value=""/>
    <property name="sun.management.compiler" value="HotSpot 64-Bit Tiered Compilers"/>
    <property name="java.runtime.version" value="16.0.1+9-24"/>
    <property name="user.name" value="Deepanshu Tyagi"/>
    <property name="path.separator" value=";"/>
    <property name="os.version" value="10.0"/>
    <property name="java.runtime.name" value="OpenJDK Runtime Environment"/>
    <property name="file.encoding" value="Cp1252"/>
    <property name="java.vm.name" value="OpenJDK 64-Bit Server VM"/>
    <property name="localRepository" value="C:\Users\Deepanshu Tyagi\.m2\repository"/>
    <property name="java.vendor.url.bug" value="https://bugreport.java.com/bugreport/"/>
    <property name="java.io.tmpdir" value="C:\Users\DEEPAN~1\AppData\Local\Temp\"/>
    <property name="java.version" value="16.0.1"/>
    <property name="user.dir" value="C:\Users\Deepanshu Tyagi\git\QA_Atomation\ScriptaMicroserviceAPI"/>
    <property name="os.arch" value="amd64"/>
    <property name="java.vm.specification.name" value="Java Virtual Machine Specification"/>
    <property name="sun.os.patch.level" value=""/>
    <property name="java.library.path" value="C:\Users\Deepanshu Tyagi\Desktop\JAVA\eclipse-java-2021-06-R-win32-x86_64\eclipse\plugins\org.eclipse.justj.openjdk.hotspot.jre.full.win32.x86_64_16.0.1.v20210528-1205\jre\bin;C:\Windows\Sun\Java\bin;C:\Windows\system32;C:\Windows;C:/Users/Deepanshu Tyagi/Desktop/JAVA/eclipse-java-2021-06-R-win32-x86_64/eclipse//plugins/org.eclipse.justj.openjdk.hotspot.jre.full.win32.x86_64_16.0.1.v20210528-1205/jre/bin/server;C:/Users/Deepanshu Tyagi/Desktop/JAVA/eclipse-java-2021-06-R-win32-x86_64/eclipse//plugins/org.eclipse.justj.openjdk.hotspot.jre.full.win32.x86_64_16.0.1.v20210528-1205/jre/bin;C:\Program Files\Common Files\Oracle\Java\javapath;C:\Program Files (x86)\Common Files\Oracle\Java\javapath;C:\Windows\system32;C:\Windows;C:\Windows\System32\Wbem;C:\Windows\System32\WindowsPowerShell\v1.0\;C:\Windows\System32\OpenSSH\;C:\Program Files\Git\cmd;C:\Program Files\Java\jdk-11.0.15\bin;C:\Users\Deepanshu Tyagi\Downloads\apache-maven-3.8.6-bin\apache-maven-3.8.6\bin;C:\Program Files\PuTTY\;C:\Program Files\nodejs\;C:\Program Files\Amazon\AWSCLIV2\;C:\Users\Deepanshu Tyagi\AppData\Local\Microsoft\WindowsApps;C:\Users\Deepanshu Tyagi\AppData\Local\GitHubDesktop\bin;C:\Users\Deepanshu Tyagi\AppData\Roaming\npm;C:\Users\Deepanshu Tyagi\Desktop\JAVA\eclipse-java-2021-06-R-win32-x86_64\eclipse;;."/>
    <property name="java.vm.info" value="mixed mode"/>
    <property name="java.vendor" value="Oracle Corporation"/>
    <property name="java.vm.version" value="16.0.1+9-24"/>
    <property name="sun.io.unicode.encoding" value="UnicodeLittle"/>
    <property name="java.class.version" value="60.0"/>
  </properties>
  <testcase name="DeleteDrugid" classname="com.ScriptaInsight.Testcases.DiscontinueDrugAPI" time="1.115">
    <failure message="Communications link failure&#10;&#10;The last packet successfully received from the server was 107 milliseconds ago.  The last packet sent successfully to the server was 92 milliseconds ago." type="com.mysql.jdbc.exceptions.jdbc4.CommunicationsException"><![CDATA[com.mysql.jdbc.exceptions.jdbc4.CommunicationsException: 
Communications link failure

The last packet successfully received from the server was 107 milliseconds ago.  The last packet sent successfully to the server was 92 milliseconds ago.
	at com.ScriptaInsight.Testcases.DiscontinueDrugAPI.DeleteDrugid(DiscontinueDrugAPI.java:27)
Caused by: javax.net.ssl.SSLHandshakeException: No appropriate protocol (protocol is disabled or cipher suites are inappropriate)
	at com.ScriptaInsight.Testcases.DiscontinueDrugAPI.DeleteDrugid(DiscontinueDrugAPI.java:27)
]]></failure>
    <system-err><![CDATA[SLF4J: Failed to load class "org.slf4j.impl.StaticLoggerBinder".
SLF4J: Defaulting to no-operation (NOP) logger implementation
SLF4J: See http://www.slf4j.org/codes.html#StaticLoggerBinder for further details.
Thu Oct 06 11:54:22 IST 2022 WARN: Establishing SSL connection without server's identity verification is not recommended. According to MySQL 5.5.45+, 5.6.26+ and 5.7.6+ requirements SSL connection must be established by default if explicit option isn't set. For compliance with existing applications not using SSL the verifyServerCertificate property is set to 'false'. You need either to explicitly disable SSL by setting useSSL=false, or set useSSL=true and provide truststore for server certificate verification.
]]></system-err>
  </testcase>
  <testcase name="TC01_Valid_DrugId" classname="com.ScriptaInsight.Testcases.DiscontinueDrugAPI" time="0">
    <skipped message="Communications link failure&#10;&#10;The last packet successfully received from the server was 107 milliseconds ago.  The last packet sent successfully to the server was 92 milliseconds ago."/>
  </testcase>
  <testcase name="TC02_Existing_Discontinued_Drug" classname="com.ScriptaInsight.Testcases.DiscontinueDrugAPI" time="0">
    <skipped message="Communications link failure&#10;&#10;The last packet successfully received from the server was 107 milliseconds ago.  The last packet sent successfully to the server was 92 milliseconds ago."/>
  </testcase>
  <testcase name="TC03_Invalid_DrugId" classname="com.ScriptaInsight.Testcases.DiscontinueDrugAPI" time="0">
    <skipped message="Communications link failure&#10;&#10;The last packet successfully received from the server was 107 milliseconds ago.  The last packet sent successfully to the server was 92 milliseconds ago."/>
  </testcase>
  <testcase name="TC04_Invalid_Authorization_Token" classname="com.ScriptaInsight.Testcases.DiscontinueDrugAPI" time="0">
    <skipped message="Communications link failure&#10;&#10;The last packet successfully received from the server was 107 milliseconds ago.  The last packet sent successfully to the server was 92 milliseconds ago."/>
  </testcase>
  <testcase name="TC01_Existing_DrugId" classname="com.ScriptaInsight.Testcases.DrugNdcListByDrugId" time="0">
    <skipped message="Communications link failure&#10;&#10;The last packet successfully received from the server was 107 milliseconds ago.  The last packet sent successfully to the server was 92 milliseconds ago."/>
  </testcase>
  <testcase name="TC02_Non_Existing_DrugId" classname="com.ScriptaInsight.Testcases.DrugNdcListByDrugId" time="0">
    <skipped message="Communications link failure&#10;&#10;The last packet successfully received from the server was 107 milliseconds ago.  The last packet sent successfully to the server was 92 milliseconds ago."/>
  </testcase>
  <testcase name="TC03_Invalid_DrugId" classname="com.ScriptaInsight.Testcases.DrugNdcListByDrugId" time="0">
    <skipped message="Communications link failure&#10;&#10;The last packet successfully received from the server was 107 milliseconds ago.  The last packet sent successfully to the server was 92 milliseconds ago."/>
  </testcase>
  <testcase name="TC04_Invalid_Authorization_token" classname="com.ScriptaInsight.Testcases.DrugNdcListByDrugId" time="0">
    <skipped message="Communications link failure&#10;&#10;The last packet successfully received from the server was 107 milliseconds ago.  The last packet sent successfully to the server was 92 milliseconds ago."/>
  </testcase>
</testsuite>