<?xml version="1.0" encoding="UTF-8"?>
<!-- Generated by org.testng.reporters.JUnitReportReporter -->
<testsuite hostname="TTNPL-DeepanshuTyagi" failures="0" tests="1" name="discontinue_Drug.ValidDrugID" time="1.677" errors="0" timestamp="2022-08-03T17:52:47 IST" skipped="0">
  <testcase classname="discontinue_Drug.ValidDrugID" name="getdetail" time="1.677"/>
  <system-out/>
</testsuite> <!-- discontinue_Drug.ValidDrugID -->
