<?xml version="1.0" encoding="UTF-8"?>
<!-- Generated by org.testng.reporters.JUnitReportReporter -->
<testsuite hostname="TTNPL-DeepanshuTyagi" failures="0" tests="4" name="com.ScriptaInsight.Testcases.DrugNdcListByDrugId" time="17.710" errors="0" timestamp="2022-10-11T15:23:28 IST" skipped="0">
  <testcase classname="com.ScriptaInsight.Testcases.DrugNdcListByDrugId" name="TC01_Existing_DrugId" time="5.646"/>
  <system-out>
    <![CDATA[Get NDC List by Drug ID-Passed]]>
  </system-out>
  <testcase classname="com.ScriptaInsight.Testcases.DrugNdcListByDrugId" name="TC02_Non_Existing_DrugId" time="5.398"/>
  <system-out/>
  <testcase classname="com.ScriptaInsight.Testcases.DrugNdcListByDrugId" name="TC03_Invalid_DrugId" time="5.028"/>
  <system-out/>
  <testcase classname="com.ScriptaInsight.Testcases.DrugNdcListByDrugId" name="TC04_Invalid_Authorization_token" time="1.638"/>
  <system-out>
    <![CDATA[Drug NDC List By Drug Id Test Run Completed]]>
  </system-out>
</testsuite> <!-- com.ScriptaInsight.Testcases.DrugNdcListByDrugId -->
