<?xml version="1.0" encoding="UTF-8"?>
<!-- Generated by org.testng.reporters.JUnitReportReporter -->
<testsuite hostname="TTNPL-DeepanshuTyagi" failures="0" tests="2" name="com.employeeapi.testcases.TC002_GET_One_employee_Data" time="0.036" errors="0" timestamp="2022-05-31T21:38:44 IST" skipped="0">
  <testcase classname="com.employeeapi.testcases.TC002_GET_One_employee_Data" name="checkEmployeeName" time="0.021"/>
  <system-out/>
  <testcase classname="com.employeeapi.testcases.TC002_GET_One_employee_Data" name="checkResponseBody" time="0.015"/>
  <system-out/>
</testsuite> <!-- com.employeeapi.testcases.TC002_GET_One_employee_Data -->
