<?xml version="1.0" encoding="UTF-8"?>
<!-- Generated by org.testng.reporters.JUnitReportReporter -->
<testsuite hostname="TTNPL-DeepanshuTyagi" failures="0" tests="1" name="discontinue_Drug.AuthorizationAPI" time="5.506" errors="0" timestamp="2022-08-08T14:17:02 IST" skipped="0">
  <testcase classname="discontinue_Drug.AuthorizationAPI" name="AuthorizationAPI" time="5.506"/>
  <system-out/>
</testsuite> <!-- discontinue_Drug.AuthorizationAPI -->
