<?xml version="1.0" encoding="UTF-8"?>
<!-- Generated by org.testng.reporters.JUnitReportReporter -->
<testsuite hostname="TTNPL-DeepanshuTyagi" failures="0" tests="1" name="Demo3_TC03_ValidateResonseBody" time="2.201" errors="0" timestamp="2022-05-27T11:23:45 IST" skipped="0">
  <testcase classname="Demo3_TC03_ValidateResonseBody" name="ValidateResponse" time="2.201"/>
  <system-out/>
</testsuite> <!-- Demo3_TC03_ValidateResonseBody -->
