<?xml version="1.0" encoding="UTF-8"?>
<!-- Generated by org.testng.reporters.JUnitReportReporter -->
<testsuite hostname="TTNPL-DeepanshuTyagi" failures="0" tests="4" name="com.ScriptaInsight.Testcases.DrugDiscontinue" time="12.868" errors="0" timestamp="2022-09-07T13:00:37 IST" skipped="0">
  <testcase classname="com.ScriptaInsight.Testcases.DrugDiscontinue" name="TC01_Valid_DrugId" time="4.803"/>
  <system-out/>
  <testcase classname="com.ScriptaInsight.Testcases.DrugDiscontinue" name="TC02_Existing_DrugId" time="3.581"/>
  <system-out/>
  <testcase classname="com.ScriptaInsight.Testcases.DrugDiscontinue" name="TC03_Invalid_DrugId" time="3.657"/>
  <system-out/>
  <testcase classname="com.ScriptaInsight.Testcases.DrugDiscontinue" name="TC04_Invalid_Authorization_Token" time="0.827"/>
  <system-out/>
</testsuite> <!-- com.ScriptaInsight.Testcases.DrugDiscontinue -->
