<?xml version="1.0" encoding="UTF-8"?>
<!-- Generated by org.testng.reporters.JUnitReportReporter -->
<testsuite hostname="TTNPL-DeepanshuTyagi" failures="0" tests="2" name="com.ScriptaInsight.Testcases.drugDiscontinue2" time="8.148" errors="0" timestamp="2022-08-09T15:42:50 IST" skipped="0">
  <testcase classname="com.ScriptaInsight.Testcases.drugDiscontinue2" name="ValidDrugId" time="4.681"/>
  <system-out/>
  <testcase classname="com.ScriptaInsight.Testcases.drugDiscontinue2" name="InValidDrugId" time="3.467"/>
  <system-out/>
</testsuite> <!-- com.ScriptaInsight.Testcases.drugDiscontinue2 -->
