<?xml version="1.0" encoding="UTF-8"?>
<!-- Generated by org.testng.reporters.JUnitReportReporter -->
<testsuite hostname="TTNPL-DeepanshuTyagi" failures="0" tests="1" name="Demo1_TC01_GET" time="2.014" errors="0" timestamp="2022-05-23T16:29:21 IST" skipped="0">
  <testcase classname="Demo1_TC01_GET" name="getweatherdetail" time="2.014"/>
  <system-out/>
</testsuite> <!-- Demo1_TC01_GET -->
