<?xml version="1.0" encoding="UTF-8"?>
<!-- Generated by org.testng.reporters.JUnitReportReporter -->
<testsuite hostname="TTNPL-DeepanshuTyagi" failures="0" tests="1" name="discontinue_Drug.GETAUTHROIZATION" time="2.541" errors="0" timestamp="2022-08-02T16:50:28 IST" skipped="0">
  <testcase classname="discontinue_Drug.GETAUTHROIZATION" name="getdetail" time="2.541"/>
  <system-out/>
</testsuite> <!-- discontinue_Drug.GETAUTHROIZATION -->
