<?xml version="1.0" encoding="UTF-8"?>
<!-- Generated by org.testng.reporters.JUnitReportReporter -->
<testsuite hostname="TTNPL-DeepanshuTyagi" failures="0" tests="2" name="com.ScriptaInsight.Testcases.GetDrugNDCListBYDrugId" time="11.094" errors="0" timestamp="2022-09-07T19:09:40 IST" skipped="0">
  <testcase classname="com.ScriptaInsight.Testcases.GetDrugNDCListBYDrugId" name="TC02_Existing_DrugId" time="4.939"/>
  <system-out/>
  <testcase classname="com.ScriptaInsight.Testcases.GetDrugNDCListBYDrugId" name="TC01_Existing_DrugId" time="6.155"/>
  <system-out/>
</testsuite> <!-- com.ScriptaInsight.Testcases.GetDrugNDCListBYDrugId -->
