<?xml version="1.0" encoding="UTF-8"?>
<!-- Generated by org.testng.reporters.JUnitReportReporter -->
<testsuite hostname="TTNPL-DeepanshuTyagi" failures="0" tests="2" name="discontinue_Drug.ZCombineResponseAPI" time="5.068" errors="0" timestamp="2022-08-03T16:04:58 IST" skipped="0">
  <testcase classname="discontinue_Drug.ZCombineResponseAPI" name="Authorization" time="3.844"/>
  <system-out/>
  <testcase classname="discontinue_Drug.ZCombineResponseAPI" name="DrugDiscontinue" time="1.224"/>
  <system-out/>
</testsuite> <!-- discontinue_Drug.ZCombineResponseAPI -->
