<?xml version="1.0" encoding="UTF-8"?>
<!-- Generated by org.testng.reporters.JUnitReportReporter -->
<testsuite hostname="TTNPL-DeepanshuTyagi" failures="0" tests="2" name="Demo2_TC02_Post" time="3.762" errors="0" timestamp="2022-05-28T16:07:20 IST" skipped="0">
  <testcase classname="Demo2_TC02_Post" name="getdetail" time="0.950"/>
  <system-out/>
  <testcase classname="Demo2_TC02_Post" name="getdetail" time="2.812"/>
  <system-out/>
</testsuite> <!-- Demo2_TC02_Post -->
