<?xml version="1.0" encoding="UTF-8"?>
<!-- Generated by org.testng.reporters.JUnitReportReporter -->
<testsuite hostname="TTNPL-DeepanshuTyagi" failures="0" tests="1" name="Demo4_tco4_Authorization401" time="2.516" errors="0" timestamp="2022-05-27T12:14:42 IST" skipped="0">
  <testcase classname="Demo4_tco4_Authorization401" name="Authentication" time="2.516"/>
  <system-out/>
</testsuite> <!-- Demo4_tco4_Authorization401 -->
