<?xml version="1.0" encoding="UTF-8"?>
<!-- Generated by org.testng.reporters.JUnitReportReporter -->
<testsuite hostname="TTNPL-DeepanshuTyagi" failures="0" tests="3" name="com.employeeapi.testcases.TC001_Get_All_Employees" time="0.004" errors="0" timestamp="2022-05-31T21:38:44 IST" skipped="0">
  <testcase classname="com.employeeapi.testcases.TC001_Get_All_Employees" name="checkResponseTime" time="0.001"/>
  <system-out/>
  <testcase classname="com.employeeapi.testcases.TC001_Get_All_Employees" name="checkStatuscode" time="0.001"/>
  <system-out/>
  <testcase classname="com.employeeapi.testcases.TC001_Get_All_Employees" name="checkResponseBody" time="0.002"/>
  <system-out/>
</testsuite> <!-- com.employeeapi.testcases.TC001_Get_All_Employees -->
